Using pre-set license
Built from '2021.3/staging' branch; Version is '2021.3.11f1 (0a5ca18544bf) revision 679073'; Using compiler version '192829333'; Build Type 'Release'
OS: 'Windows 10  (10.0.19045) 64bit Professional' Language: 'en' Physical Memory: 32669 MB
BatchMode: 1, IsHumanControllingUs: 0, StartBugReporterOnCrash: 0, Is64bit: 1, IsPro: 1

COMMAND LINE ARGUMENTS:
C:\Program Files\Unity\Hub\Editor\2021.3.11f1\Editor\Unity.exe
-adb2
-batchMode
-noUpm
-name
AssetImportWorker1
-projectPath
C:/Users/Tyler/Documents/KC/Unity/1010 Flanders
-logFile
Logs/AssetImportWorker1.log
-srvPort
57495
Successfully changed project path to: C:/Users/Tyler/Documents/KC/Unity/1010 Flanders
C:/Users/Tyler/Documents/KC/Unity/1010 Flanders
[UnityMemory] Configuration Parameters - Can be set up in boot.config
    "memorysetup-bucket-allocator-granularity=16"
    "memorysetup-bucket-allocator-bucket-count=8"
    "memorysetup-bucket-allocator-block-size=33554432"
    "memorysetup-bucket-allocator-block-count=8"
    "memorysetup-main-allocator-block-size=16777216"
    "memorysetup-thread-allocator-block-size=16777216"
    "memorysetup-gfx-main-allocator-block-size=16777216"
    "memorysetup-gfx-thread-allocator-block-size=16777216"
    "memorysetup-cache-allocator-block-size=4194304"
    "memorysetup-typetree-allocator-block-size=2097152"
    "memorysetup-profiler-bucket-allocator-granularity=16"
    "memorysetup-profiler-bucket-allocator-bucket-count=8"
    "memorysetup-profiler-bucket-allocator-block-size=33554432"
    "memorysetup-profiler-bucket-allocator-block-count=8"
    "memorysetup-profiler-allocator-block-size=16777216"
    "memorysetup-profiler-editor-allocator-block-size=1048576"
    "memorysetup-temp-allocator-size-main=16777216"
    "memorysetup-job-temp-allocator-block-size=2097152"
    "memorysetup-job-temp-allocator-block-size-background=1048576"
    "memorysetup-job-temp-allocator-reduction-small-platforms=262144"
    "memorysetup-temp-allocator-size-background-worker=32768"
    "memorysetup-temp-allocator-size-job-worker=262144"
    "memorysetup-temp-allocator-size-preload-manager=33554432"
    "memorysetup-temp-allocator-size-nav-mesh-worker=65536"
    "memorysetup-temp-allocator-size-audio-worker=65536"
    "memorysetup-temp-allocator-size-cloud-worker=32768"
    "memorysetup-temp-allocator-size-gi-baking-worker=262144"
    "memorysetup-temp-allocator-size-gfx=262144"
Refreshing native plugins compatible for Editor in 62.46 ms, found 3 plugins.
Preloading 0 native plugins for Editor in 0.00 ms.
Initialize engine version: 2021.3.11f1 (0a5ca18544bf)
[Subsystems] Discovering subsystems at path C:/Program Files/Unity/Hub/Editor/2021.3.11f1/Editor/Data/Resources/UnitySubsystems
[Subsystems] Discovering subsystems at path C:/Users/Tyler/Documents/KC/Unity/1010 Flanders/Assets
GfxDevice: creating device client; threaded=0; jobified=0
Direct3D:
    Version:  Direct3D 11.0 [level 11.1]
    Renderer: NVIDIA GeForce GTX 1050 Ti (ID=0x1c82)
    Vendor:   NVIDIA
    VRAM:     4017 MB
    Driver:   31.0.15.2802
Initialize mono
Mono path[0] = 'C:/Program Files/Unity/Hub/Editor/2021.3.11f1/Editor/Data/Managed'
Mono path[1] = 'C:/Program Files/Unity/Hub/Editor/2021.3.11f1/Editor/Data/MonoBleedingEdge/lib/mono/unityjit-win32'
Mono config path = 'C:/Program Files/Unity/Hub/Editor/2021.3.11f1/Editor/Data/MonoBleedingEdge/etc'
Using monoOptions --debugger-agent=transport=dt_socket,embedding=1,server=y,suspend=n,address=127.0.0.1:56752
Begin MonoManager ReloadAssembly
Registering precompiled unity dll's ...
Register platform support module: C:/Program Files/Unity/Hub/Editor/2021.3.11f1/Editor/Data/PlaybackEngines/WebGLSupport/UnityEditor.WebGL.Extensions.dll
Register platform support module: C:/Program Files/Unity/Hub/Editor/2021.3.11f1/Editor/Data/PlaybackEngines/WindowsStandaloneSupport/UnityEditor.WindowsStandalone.Extensions.dll
Registered in 0.006873 seconds.
Native extension for WindowsStandalone target not found
Native extension for WebGL target not found
Refreshing native plugins compatible for Editor in 63.70 ms, found 3 plugins.
Preloading 0 native plugins for Editor in 0.00 ms.
Mono: successfully reloaded assembly
- Completed reload, in  0.481 seconds
Domain Reload Profiling:
	ReloadAssembly (481ms)
		BeginReloadAssembly (55ms)
			ExecutionOrderSort (0ms)
			DisableScriptedObjects (0ms)
			BackupInstance (0ms)
			ReleaseScriptingObjects (0ms)
			CreateAndSetChildDomain (1ms)
		EndReloadAssembly (341ms)
			LoadAssemblies (53ms)
			RebuildTransferFunctionScriptingTraits (0ms)
			SetupTypeCache (68ms)
			ReleaseScriptCaches (0ms)
			RebuildScriptCaches (20ms)
			SetupLoadedEditorAssemblies (215ms)
				LogAssemblyErrors (0ms)
				InitializePlatformSupportModulesInManaged (8ms)
				SetLoadedEditorAssemblies (0ms)
				RefreshPlugins (64ms)
				BeforeProcessingInitializeOnLoad (1ms)
				ProcessInitializeOnLoadAttributes (110ms)
				ProcessInitializeOnLoadMethodAttributes (32ms)
				AfterProcessingInitializeOnLoad (0ms)
				EditorAssembliesLoaded (0ms)
			ExecutionOrderSort2 (0ms)
			AwakeInstancesAfterBackupRestoration (0ms)
Platform modules already initialized, skipping
Registering precompiled user dll's ...
Registered in 0.005301 seconds.
Begin MonoManager ReloadAssembly
Symbol file LoadedFromMemory doesn't match image C:\Users\Tyler\Documents\KC\Unity\1010 Flanders\Library\PackageCache\com.unity.visualscripting@1.7.8\Editor\VisualScripting.Core\Dependencies\YamlDotNet\Unity.VisualScripting.YamlDotNet.dll
Symbol file LoadedFromMemory doesn't match image C:\Users\Tyler\Documents\KC\Unity\1010 Flanders\Library\PackageCache\com.unity.visualscripting@1.7.8\Editor\VisualScripting.Core\Dependencies\DotNetZip\Unity.VisualScripting.IonicZip.dll
Native extension for WindowsStandalone target not found
Native extension for WebGL target not found
Refreshing native plugins compatible for Editor in 0.60 ms, found 3 plugins.
Preloading 0 native plugins for Editor in 0.00 ms.
Mono: successfully reloaded assembly
- Completed reload, in  0.771 seconds
Domain Reload Profiling:
	ReloadAssembly (772ms)
		BeginReloadAssembly (89ms)
			ExecutionOrderSort (0ms)
			DisableScriptedObjects (4ms)
			BackupInstance (0ms)
			ReleaseScriptingObjects (0ms)
			CreateAndSetChildDomain (17ms)
		EndReloadAssembly (590ms)
			LoadAssemblies (67ms)
			RebuildTransferFunctionScriptingTraits (0ms)
			SetupTypeCache (184ms)
			ReleaseScriptCaches (0ms)
			RebuildScriptCaches (36ms)
			SetupLoadedEditorAssemblies (277ms)
				LogAssemblyErrors (0ms)
				InitializePlatformSupportModulesInManaged (6ms)
				SetLoadedEditorAssemblies (0ms)
				RefreshPlugins (1ms)
				BeforeProcessingInitializeOnLoad (70ms)
				ProcessInitializeOnLoadAttributes (171ms)
				ProcessInitializeOnLoadMethodAttributes (21ms)
				AfterProcessingInitializeOnLoad (8ms)
				EditorAssembliesLoaded (0ms)
			ExecutionOrderSort2 (0ms)
			AwakeInstancesAfterBackupRestoration (4ms)
Platform modules already initialized, skipping
========================================================================
Worker process is ready to serve import requests
Launched and connected shader compiler UnityShaderCompiler.exe after 0.04 seconds
Refreshing native plugins compatible for Editor in 0.73 ms, found 3 plugins.
Preloading 0 native plugins for Editor in 0.00 ms.
Unloading 3380 Unused Serialized files (Serialized files now loaded: 0)
Unloading 27 unused Assets / (113.4 KB). Loaded Objects now: 3837.
Memory consumption went from 116.2 MB to 116.1 MB.
Total: 2.639800 ms (FindLiveObjects: 0.225200 ms CreateObjectMapping: 0.147400 ms MarkObjects: 2.183200 ms  DeleteObjects: 0.083400 ms)

AssetImportParameters requested are different than current active one (requested -> active):
  custom:video-decoder-ogg-theora: a1e56fd34408186e4bbccfd4996cb3dc -> 
  custom:container-muxer-webm: aa71ff27fc2769a1b78a27578f13a17b -> 
  custom:container-demuxer-webm: 4f35f7cbe854078d1ac9338744f61a02 -> 
  custom:video-encoder-webm-vp8: eb34c28f22e8b96e1ab97ce403110664 -> 
  custom:audio-encoder-webm-vorbis: bf7c407c2cedff20999df2af8eb42d56 -> 
  custom:framework-win-MediaFoundation: 216162199b28c13a410421893ffa2e32 -> 
  custom:container-demuxer-ogg: 62fdf1f143b41e24485cea50d1cbac27 -> 
  custom:video-decoder-webm-vp8: 9c59270c3fd7afecdb556c50c9e8de78 -> 
  custom:audio-decoder-ogg-vorbis: bf7c407c2cedff20999df2af8eb42d56 -> 
========================================================================
Received Import Request.
  Time since last request: 350545.541996 seconds.
  path: Assets/Imports/Furniture - 3dx.fbx
  artifactKey: Guid(d822f18d3692dbc4096d47bafec8798a) Importer(815301076,1909f56bfc062723c751e8b465ee728b)
Start importing Assets/Imports/Furniture - 3dx.fbx using Guid(d822f18d3692dbc4096d47bafec8798a) Importer(815301076,1909f56bfc062723c751e8b465ee728b)  -> (artifact id: 'a9d39d8d4a964706dba81c35b8561745') in 0.773738 seconds 
========================================================================
Received Prepare
Registering precompiled user dll's ...
Registered in 0.005302 seconds.
Begin MonoManager ReloadAssembly
Symbol file LoadedFromMemory doesn't match image C:\Users\Tyler\Documents\KC\Unity\1010 Flanders\Library\PackageCache\com.unity.visualscripting@1.7.8\Editor\VisualScripting.Core\Dependencies\YamlDotNet\Unity.VisualScripting.YamlDotNet.dll
Symbol file LoadedFromMemory doesn't match image C:\Users\Tyler\Documents\KC\Unity\1010 Flanders\Library\PackageCache\com.unity.visualscripting@1.7.8\Editor\VisualScripting.Core\Dependencies\DotNetZip\Unity.VisualScripting.IonicZip.dll
Native extension for WindowsStandalone target not found
Native extension for WebGL target not found
Refreshing native plugins compatible for Editor in 0.52 ms, found 3 plugins.
Preloading 0 native plugins for Editor in 0.00 ms.
Mono: successfully reloaded assembly
- Completed reload, in  0.767 seconds
Domain Reload Profiling:
	ReloadAssembly (767ms)
		BeginReloadAssembly (118ms)
			ExecutionOrderSort (0ms)
			DisableScriptedObjects (3ms)
			BackupInstance (0ms)
			ReleaseScriptingObjects (0ms)
			CreateAndSetChildDomain (36ms)
		EndReloadAssembly (573ms)
			LoadAssemblies (63ms)
			RebuildTransferFunctionScriptingTraits (0ms)
			SetupTypeCache (197ms)
			ReleaseScriptCaches (1ms)
			RebuildScriptCaches (27ms)
			SetupLoadedEditorAssemblies (259ms)
				LogAssemblyErrors (0ms)
				InitializePlatformSupportModulesInManaged (12ms)
				SetLoadedEditorAssemblies (0ms)
				RefreshPlugins (1ms)
				BeforeProcessingInitializeOnLoad (56ms)
				ProcessInitializeOnLoadAttributes (160ms)
				ProcessInitializeOnLoadMethodAttributes (22ms)
				AfterProcessingInitializeOnLoad (7ms)
				EditorAssembliesLoaded (0ms)
			ExecutionOrderSort2 (0ms)
			AwakeInstancesAfterBackupRestoration (4ms)
Platform modules already initialized, skipping
Refreshing native plugins compatible for Editor in 1.64 ms, found 3 plugins.
Preloading 0 native plugins for Editor in 0.00 ms.
Unloading 3376 Unused Serialized files (Serialized files now loaded: 0)
Unloading 20 unused Assets / (79.9 KB). Loaded Objects now: 3886.
Memory consumption went from 121.1 MB to 121.0 MB.
Total: 5.345800 ms (FindLiveObjects: 0.222700 ms CreateObjectMapping: 0.150200 ms MarkObjects: 4.893300 ms  DeleteObjects: 0.079100 ms)

AssetImportParameters requested are different than current active one (requested -> active):
  custom:video-decoder-ogg-theora: a1e56fd34408186e4bbccfd4996cb3dc -> 
  custom:container-muxer-webm: aa71ff27fc2769a1b78a27578f13a17b -> 
  custom:container-demuxer-webm: 4f35f7cbe854078d1ac9338744f61a02 -> 
  custom:video-encoder-webm-vp8: eb34c28f22e8b96e1ab97ce403110664 -> 
  custom:audio-encoder-webm-vorbis: bf7c407c2cedff20999df2af8eb42d56 -> 
  custom:framework-win-MediaFoundation: 216162199b28c13a410421893ffa2e32 -> 
  custom:container-demuxer-ogg: 62fdf1f143b41e24485cea50d1cbac27 -> 
  custom:video-decoder-webm-vp8: 9c59270c3fd7afecdb556c50c9e8de78 -> 
  custom:audio-decoder-ogg-vorbis: bf7c407c2cedff20999df2af8eb42d56 -> 
========================================================================
Received Import Request.
  Time since last request: 6805.919550 seconds.
  path: Assets/New Terrain.asset
  artifactKey: Guid(b326bd1e819cae041ade00aef798d8f6) Importer(815301076,1909f56bfc062723c751e8b465ee728b)
Start importing Assets/New Terrain.asset using Guid(b326bd1e819cae041ade00aef798d8f6) Importer(815301076,1909f56bfc062723c751e8b465ee728b)  -> (artifact id: '96a0265282c3aad71ee75ab655308586') in 0.028001 seconds 
========================================================================
Received Import Request.
  Time since last request: 172.715500 seconds.
  path: Assets/Imports/Dynamic Building Materials/Metal - Paint Finish - Grey.mat
  artifactKey: Guid(6aae128e40075fe4f8d09867cff356b5) Importer(815301076,1909f56bfc062723c751e8b465ee728b)
Start importing Assets/Imports/Dynamic Building Materials/Metal - Paint Finish - Grey.mat using Guid(6aae128e40075fe4f8d09867cff356b5) Importer(815301076,1909f56bfc062723c751e8b465ee728b)  -> (artifact id: 'ebfd70d72774a983cea797ed70d76862') in 0.065673 seconds 
========================================================================
Received Import Request.
  Time since last request: 0.000021 seconds.
  path: Assets/Imports/Furniture Materials/Puff Fabric 02.mat
  artifactKey: Guid(0d76e717b30123a4dbf6e9577884616a) Importer(815301076,1909f56bfc062723c751e8b465ee728b)
Start importing Assets/Imports/Furniture Materials/Puff Fabric 02.mat using Guid(0d76e717b30123a4dbf6e9577884616a) Importer(815301076,1909f56bfc062723c751e8b465ee728b)  -> (artifact id: '099f27be5c70600c89a64a27c6caf307') in 0.016479 seconds 
========================================================================
Received Import Request.
  Time since last request: 0.000024 seconds.
  path: Assets/Imports/Furniture Materials/Puff Fabric.mat
  artifactKey: Guid(51a5c8ef04be5a340ae89d9680600ea9) Importer(815301076,1909f56bfc062723c751e8b465ee728b)
Start importing Assets/Imports/Furniture Materials/Puff Fabric.mat using Guid(51a5c8ef04be5a340ae89d9680600ea9) Importer(815301076,1909f56bfc062723c751e8b465ee728b)  -> (artifact id: 'c55dd23cf728d3582b7f449a234fce4e') in 0.017051 seconds 
========================================================================
Received Import Request.
  Time since last request: 3.400995 seconds.
  path: Assets/Imports/Furniture Materials/Haworth - Metal - Chrome KR-V.mat
  artifactKey: Guid(158c201dfa723014e9b048c73f61441e) Importer(815301076,1909f56bfc062723c751e8b465ee728b)
Start importing Assets/Imports/Furniture Materials/Haworth - Metal - Chrome KR-V.mat using Guid(158c201dfa723014e9b048c73f61441e) Importer(815301076,1909f56bfc062723c751e8b465ee728b)  -> (artifact id: '9d1035d75dccd7be66ebcbd84ea64cf0') in 0.017686 seconds 
========================================================================
Received Import Request.
  Time since last request: 5.422680 seconds.
  path: Assets/Imports/Dynamic Building Materials/Cherry.mat
  artifactKey: Guid(1eb52eda609979546be853a50c0e4334) Importer(815301076,1909f56bfc062723c751e8b465ee728b)
Start importing Assets/Imports/Dynamic Building Materials/Cherry.mat using Guid(1eb52eda609979546be853a50c0e4334) Importer(815301076,1909f56bfc062723c751e8b465ee728b)  -> (artifact id: 'e3c9b3260c2e550d353b51e7246947b7') in 0.026177 seconds 
========================================================================
Received Import Request.
  Time since last request: 0.000020 seconds.
  path: Assets/Imports/Furniture Materials/Generic.mat
  artifactKey: Guid(3ab5e7d19375c3941bf7e2d2a54e7718) Importer(815301076,1909f56bfc062723c751e8b465ee728b)
Start importing Assets/Imports/Furniture Materials/Generic.mat using Guid(3ab5e7d19375c3941bf7e2d2a54e7718) Importer(815301076,1909f56bfc062723c751e8b465ee728b)  -> (artifact id: 'f5d03f1b5242d16c17436b0b3f44c275') in 0.010952 seconds 
========================================================================
Received Import Request.
  Time since last request: 0.000024 seconds.
  path: Assets/Imports/Furniture Materials/Fabric Orange.mat
  artifactKey: Guid(b6d564770782b83449b8f4e111a26baa) Importer(815301076,1909f56bfc062723c751e8b465ee728b)
Start importing Assets/Imports/Furniture Materials/Fabric Orange.mat using Guid(b6d564770782b83449b8f4e111a26baa) Importer(815301076,1909f56bfc062723c751e8b465ee728b)  -> (artifact id: 'e40c8fe19d981ec9e4b66542610da573') in 0.013403 seconds 
========================================================================
Received Import Request.
  Time since last request: 0.000020 seconds.
  path: Assets/Imports/Furniture Materials/Fabric Gray.mat
  artifactKey: Guid(eb7a09c8e24109e468f960a05b346092) Importer(815301076,1909f56bfc062723c751e8b465ee728b)
Start importing Assets/Imports/Furniture Materials/Fabric Gray.mat using Guid(eb7a09c8e24109e468f960a05b346092) Importer(815301076,1909f56bfc062723c751e8b465ee728b)  -> (artifact id: 'fc2e355a202a0301c8057514cf49b135') in 0.014463 seconds 
========================================================================
Received Import Request.
  Time since last request: 0.216160 seconds.
  path: Assets/Imports/Static Building Materials/1010 WHITE GYP.mat
  artifactKey: Guid(3da6ec65a47f74343b5a28f6cb2cf5c1) Importer(815301076,1909f56bfc062723c751e8b465ee728b)
Start importing Assets/Imports/Static Building Materials/1010 WHITE GYP.mat using Guid(3da6ec65a47f74343b5a28f6cb2cf5c1) Importer(815301076,1909f56bfc062723c751e8b465ee728b)  -> (artifact id: '8d81d81a3840889461500644149d8d18') in 0.021844 seconds 
Editor requested this worker to shutdown with reason: Scaling down because of idle timeout
AssetImportWorker is now disconnected from the server
Process exiting
Exiting without the bug reporter. Application will terminate with return code 0